<?xml version="1.0" encoding="UTF-8" ?>
<testsuite errors="0" failures="0" hostname="cfc-windows" name="br.com.k21.TestCalculadoraComissao" tests="5" time="0.26" timestamp="2014-05-12T13:40:54">
  <properties>
    <property name="java.vendor" value="Oracle Corporation" />
    <property name="sun.java.launcher" value="SUN_STANDARD" />
    <property name="eclipse.pdebuild.templates" value="/C:/eclipse-jee-juno-SR1-win32/eclipse/plugins/org.eclipse.pde.build_3.8.1.v20120725-202643/templates/" />
    <property name="sun.management.compiler" value="HotSpot Client Compiler" />
    <property name="os.name" value="Windows 7" />
    <property name="sun.boot.class.path" value="C:\Program Files\Java\jre7\lib\resources.jar;C:\Program Files\Java\jre7\lib\rt.jar;C:\Program Files\Java\jre7\lib\sunrsasign.jar;C:\Program Files\Java\jre7\lib\jsse.jar;C:\Program Files\Java\jre7\lib\jce.jar;C:\Program Files\Java\jre7\lib\charsets.jar;C:\Program Files\Java\jre7\lib\jfr.jar;C:\Program Files\Java\jre7\classes" />
    <property name="TODAY" value="May 12 2014" />
    <property name="sun.desktop" value="windows" />
    <property name="java.vm.specification.vendor" value="Oracle Corporation" />
    <property name="ant.home" value="C:\eclipse-jee-juno-SR1-win32\eclipse\plugins\org.apache.ant_1.8.3.v20120321-1730" />
    <property name="java.runtime.version" value="1.7.0_25-b17" />
    <property name="user.name" value="cfc" />
    <property name="ant.file.type.SistemaVendasBuild" value="file" />
    <property name="user.language" value="pt" />
    <property name="sun.boot.library.path" value="C:\Program Files\Java\jre7\bin" />
    <property name="ant.project.default-target" value="all" />
    <property name="ant.project.name" value="SistemaVendasBuild" />
    <property name="DSTAMP" value="20140512" />
    <property name="java.version" value="1.7.0_25" />
    <property name="user.timezone" value="" />
    <property name="sun.arch.data.model" value="32" />
    <property name="java.endorsed.dirs" value="C:\Program Files\Java\jre7\lib\endorsed" />
    <property name="sun.cpu.isalist" value="pentium_pro+mmx pentium_pro pentium+mmx pentium i486 i386 i86" />
    <property name="sun.jnu.encoding" value="Cp1252" />
    <property name="file.encoding.pkg" value="sun.io" />
    <property name="file.separator" value="\" />
    <property name="java.specification.name" value="Java Platform API Specification" />
    <property name="java.class.version" value="51.0" />
    <property name="user.country" value="BR" />
    <property name="java.home" value="C:\Program Files\Java\jre7" />
    <property name="java.vm.info" value="mixed mode, sharing" />
    <property name="ant.file" value="C:\TST\Turma1\workspace\SistemaVendas\build.xml" />
    <property name="os.version" value="6.1" />
    <property name="path.separator" value=";" />
    <property name="java.vm.version" value="23.25-b01" />
    <property name="user.variant" value="" />
    <property name="ant.library.dir" value="C:\eclipse-jee-juno-SR1-win32\eclipse\plugins\org.apache.ant_1.8.3.v20120321-1730\lib" />
    <property name="java.awt.printerjob" value="sun.awt.windows.WPrinterJob" />
    <property name="sun.io.unicode.encoding" value="UnicodeLittle" />
    <property name="awt.toolkit" value="sun.awt.windows.WToolkit" />
    <property name="user.script" value="" />
    <property name="eclipse.pdebuild.scripts" value="/C:/eclipse-jee-juno-SR1-win32/eclipse/plugins/org.eclipse.pde.build_3.8.1.v20120725-202643/scripts/" />
    <property name="user.home" value="C:\Users\cfc" />
    <property name="java.specification.vendor" value="Oracle Corporation" />
    <property name="java.library.path" value="C:\Program Files\Java\jre7\bin;C:\Windows\Sun\Java\bin;C:\Windows\system32;C:\Windows;C:/Program Files/Java/jre7/bin/client;C:/Program Files/Java/jre7/bin;C:/Program Files/Java/jre7/lib/i386;C:\Program Files\Common Files\Microsoft Shared\Windows Live;C:\Windows\system32;C:\Windows;C:\Windows\System32\Wbem;C:\Windows\System32\WindowsPowerShell\v1.0\;c:\Program Files\WIDCOMM\Bluetooth Software\;C:\Program Files\Dell\DW WLAN Card;C:\Program Files\Common Files\Roxio Shared\DLLShared\;C:\Program Files\Common Files\Roxio Shared\OEM\DLLShared\;C:\Program Files\Common Files\Roxio Shared\OEM\DLLShared\;C:\Program Files\Common Files\Roxio Shared\OEM\12.0\DLLShared\;C:\Program Files\Roxio\OEM\AudioCore\;C:\Program Files\Windows Live\Shared;C:\Program Files\TortoiseSVN\bin;c:\Program Files\Microsoft SQL Server\90\Tools\binn\;C:\Program Files\OpenSSH\bin;C:\Program Files\QuickTime\QTSystem\;C:\Windows\Microsoft.NET\Framework\v4.0.30319;C:\Program Files\Microsoft Visual Studio 10.0\Common7\IDE\;C:\Program Files\TortoiseGit\bin;C:\ant\apache-ant-1.8.3\bin;C:\apache-maven-3.0.4\bin;C:\bin;C:\Program Files\Mercurial;C:\android-bundle\adt-bundle-windows-x86-20130219\sdk\tools;C:\Program Files\Java\jdk1.6.0_23\bin;C:\Program Files\Gallio\bin;C:\eclipse-jee-juno-SR1-win32\eclipse;;." />
    <property name="java.vendor.url" value="http://java.oracle.com/" />
    <property name="java.vm.vendor" value="Oracle Corporation" />
    <property name="java.runtime.name" value="Java(TM) SE Runtime Environment" />
    <property name="sun.java.command" value="org.apache.tools.ant.taskdefs.optional.junit.JUnitTestRunner br.com.k21.TestCalculadoraComissao filtertrace=true haltOnError=false haltOnFailure=false formatter=org.apache.tools.ant.taskdefs.optional.junit.SummaryJUnitResultFormatter showoutput=false outputtoformatters=true logfailedtests=true logtestlistenerevents=false formatter=org.apache.tools.ant.taskdefs.optional.junit.XMLJUnitResultFormatter,C:\TST\Turma1\workspace\SistemaVendas\report\TEST-br.com.k21.TestCalculadoraComissao.xml crashfile=C:\TST\Turma1\workspace\SistemaVendas\junitvmwatcher635834177038482646.properties propsfile=C:\TST\Turma1\workspace\SistemaVendas\junit1956672671834422156.properties" />
    <property name="java.class.path" value="C:\TST\Turma1\workspace\SistemaVendas\lib\junit-4.9.jar;C:\TST\Turma1\workspace\SistemaVendas\lib\mockito-all-1.9.0.jar;C:\TST\Turma1\workspace\SistemaVendas\classes;C:\TST\Turma1\workspace\SistemaVendas;C:\Program Files\Java\jre6\lib\ext\QTJava.zip;C:\eclipse-jee-juno-SR1-win32\eclipse\plugins\org.apache.ant_1.8.3.v20120321-1730\lib\ant-launcher.jar;C:\eclipse-jee-juno-SR1-win32\eclipse\plugins\org.apache.ant_1.8.3.v20120321-1730\lib\ant.jar;C:\eclipse-jee-juno-SR1-win32\eclipse\plugins\org.apache.ant_1.8.3.v20120321-1730\lib\ant-junit.jar;C:\eclipse-jee-juno-SR1-win32\eclipse\plugins\org.apache.ant_1.8.3.v20120321-1730\lib\ant-junit4.jar" />
    <property name="ant.version" value="Apache Ant(TM) version 1.8.3 compiled on February 26 2012" />
    <property name="TSTAMP" value="1040" />
    <property name="java.vm.specification.name" value="Java Virtual Machine Specification" />
    <property name="java.vm.specification.version" value="1.7" />
    <property name="sun.cpu.endian" value="little" />
    <property name="sun.os.patch.level" value="" />
    <property name="eclipse.pdebuild.home" value="/C:/eclipse-jee-juno-SR1-win32/eclipse/plugins/org.eclipse.pde.build_3.8.1.v20120725-202643/./" />
    <property name="java.io.tmpdir" value="C:\Users\cfc\AppData\Local\Temp\" />
    <property name="java.vendor.url.bug" value="http://bugreport.sun.com/bugreport/" />
    <property name="os.arch" value="x86" />
    <property name="java.awt.graphicsenv" value="sun.awt.Win32GraphicsEnvironment" />
    <property name="java.ext.dirs" value="C:\Program Files\Java\jre7\lib\ext;C:\Windows\Sun\Java\lib\ext" />
    <property name="user.dir" value="C:\TST\Turma1\workspace\SistemaVendas" />
    <property name="line.separator" value="&#xd;&#xa;" />
    <property name="java.vm.name" value="Java HotSpot(TM) Client VM" />
    <property name="ant.file.SistemaVendasBuild" value="C:\TST\Turma1\workspace\SistemaVendas\build.xml" />
    <property name="basedir" value="C:\TST\Turma1\workspace\SistemaVendas" />
    <property name="ant.java.version" value="1.7" />
    <property name="ant.core.lib" value="C:\eclipse-jee-juno-SR1-win32\eclipse\plugins\org.apache.ant_1.8.3.v20120321-1730\lib\ant.jar" />
    <property name="file.encoding" value="Cp1252" />
    <property name="java.specification.version" value="1.7" />
    <property name="ant.project.invoked-targets" value="all" />
  </properties>
  <testcase classname="br.com.k21.TestCalculadoraComissao" name="entrandoComValorDe10000ReaisEsperaSeComissaoDe500Reais" time="0.038" />
  <testcase classname="br.com.k21.TestCalculadoraComissao" name="entrandoComValorDe200ReaisEsperaSeComissaoDe10Reais" time="0.0" />
  <testcase classname="br.com.k21.TestCalculadoraComissao" name="entrandoComValorDe100ReaisEsperaSeComissaoDe5Reais" time="0.001" />
  <testcase classname="br.com.k21.TestCalculadoraComissao" name="entrandoComValorDe1RealEsperaSeComissaoDe5Centavos" time="0.001" />
  <testcase classname="br.com.k21.TestCalculadoraComissao" name="entrandoComValorDe1RealE50CentavosEsperaSeComissaoDe7Centavos" time="0.0" />
  <system-out><![CDATA[0.07
]]></system-out>
  <system-err><![CDATA[]]></system-err>
</testsuite>
